build/app/intermediates/manifest_merge_blame_file/release/manifest-merger-blame-release-report.txt
1<?xml version="1.0" encoding="utf-8"?>
2<manifest xmlns:android="http://schemas.android.com/apk/res/android"
3    package="com.op.app"
4    android:versionCode="4001"
5    android:versionName="1.0.4" >
6
7    <uses-sdk
8        android:minSdkVersion="20"
8-->src\main\AndroidManifest.xml
9        android:targetSdkVersion="30" />
9-->src\main\AndroidManifest.xml
10
11    <uses-permission android:name="android.permission.INTERNET" />
11-->src\main\AndroidManifest.xml:3:5-66
11-->src\main\AndroidManifest.xml:3:22-64
12
13    <queries>
13-->src\main\AndroidManifest.xml:44:5-49:15
14        <intent>
14-->src\main\AndroidManifest.xml:45:7-48:16
15            <action android:name="android.intent.action.VIEW" />
15-->src\main\AndroidManifest.xml:46:9-61
15-->src\main\AndroidManifest.xml:46:17-58
16
17            <data android:scheme="https" />
17-->src\main\AndroidManifest.xml:47:9-40
17-->src\main\AndroidManifest.xml:47:15-37
18        </intent>
19    </queries>
20
21    <uses-permission android:name="android.permission.WAKE_LOCK" />
21-->[:firebase_messaging] AndroidManifest.xml:8:5-68
21-->[:firebase_messaging] AndroidManifest.xml:8:22-65
22    <uses-permission android:name="android.permission.ACCESS_NETWORK_STATE" /> <!-- Required by older versions of Google Play services to create IID tokens -->
22-->[:firebase_messaging] AndroidManifest.xml:9:5-79
22-->[:firebase_messaging] AndroidManifest.xml:9:22-76
23    <uses-permission android:name="com.google.android.c2dm.permission.RECEIVE" />
23-->[com.google.firebase:firebase-messaging:23.0.0] AndroidManifest.xml:25:5-82
23-->[com.google.firebase:firebase-messaging:23.0.0] AndroidManifest.xml:25:22-79
24    <uses-permission android:name="com.google.android.finsky.permission.BIND_GET_INSTALL_REFERRER_SERVICE" />
24-->[com.google.android.gms:play-services-measurement:20.0.0] AndroidManifest.xml:26:5-110
24-->[com.google.android.gms:play-services-measurement:20.0.0] AndroidManifest.xml:26:22-107
25
26    <application
26-->src\main\AndroidManifest.xml:5:4-43:19
27        android:appComponentFactory="androidx.core.app.CoreComponentFactory"
27-->[androidx.core:core:1.6.0] AndroidManifest.xml:24:18-86
28        android:icon="@mipmap/launcher_icon"
28-->src\main\AndroidManifest.xml:7:9-45
29        android:label="OP365" >
29-->src\main\AndroidManifest.xml:6:9-30
30        <activity
30-->src\main\AndroidManifest.xml:8:9-37:20
31            android:name="com.example.op123.MainActivity"
31-->src\main\AndroidManifest.xml:9:13-41
32            android:configChanges="orientation|keyboardHidden|keyboard|screenSize|smallestScreenSize|locale|layoutDirection|fontScale|screenLayout|density|uiMode"
32-->src\main\AndroidManifest.xml:12:13-163
33            android:hardwareAccelerated="true"
33-->src\main\AndroidManifest.xml:13:13-47
34            android:launchMode="singleTop"
34-->src\main\AndroidManifest.xml:10:13-43
35            android:theme="@style/LaunchTheme"
35-->src\main\AndroidManifest.xml:11:13-47
36            android:windowSoftInputMode="adjustResize" >
36-->src\main\AndroidManifest.xml:14:13-55
37
38            <!--
39                 Specifies an Android theme to apply to this Activity as soon as
40                 the Android process has started. This theme is visible to the user
41                 while the Flutter UI initializes. After that, this theme continues
42                 to determine the Window background behind the Flutter UI.
43            -->
44            <meta-data
44-->src\main\AndroidManifest.xml:19:13-22:17
45                android:name="io.flutter.embedding.android.NormalTheme"
45-->src\main\AndroidManifest.xml:20:15-70
46                android:resource="@style/NormalTheme" />
46-->src\main\AndroidManifest.xml:21:15-52
47
48            <!--
49                 Displays an Android View that continues showing the launch screen
50                 Drawable until Flutter paints its first frame, then this splash
51                 screen fades out. A splash screen is useful to avoid any visual
52                 gap between the end of Android's launch screen and the painting of
53                 Flutter's first frame.
54            -->
55            <meta-data
55-->src\main\AndroidManifest.xml:29:13-32:17
56                android:name="io.flutter.embedding.android.SplashScreenDrawable"
56-->src\main\AndroidManifest.xml:30:15-79
57                android:resource="@drawable/launch_background" />
57-->src\main\AndroidManifest.xml:31:15-61
58
59            <intent-filter>
59-->src\main\AndroidManifest.xml:33:13-36:29
60                <action android:name="android.intent.action.MAIN" />
60-->src\main\AndroidManifest.xml:34:17-68
60-->src\main\AndroidManifest.xml:34:25-66
61
62                <category android:name="android.intent.category.LAUNCHER" />
62-->src\main\AndroidManifest.xml:35:17-76
62-->src\main\AndroidManifest.xml:35:27-74
63            </intent-filter>
64        </activity>
65        <!--
66             Don't delete the meta-data below.
67             This is used by the Flutter tool to generate GeneratedPluginRegistrant.java
68        -->
69        <meta-data
69-->src\main\AndroidManifest.xml:40:9-42:33
70            android:name="flutterEmbedding"
70-->src\main\AndroidManifest.xml:41:13-44
71            android:value="2" />
71-->src\main\AndroidManifest.xml:42:13-30
72
73        <service
73-->[:firebase_remote_config] AndroidManifest.xml:8:9-12:19
74            android:name="com.google.firebase.components.ComponentDiscoveryService"
74-->[:firebase_remote_config] AndroidManifest.xml:8:18-89
75            android:directBootAware="true"
75-->[com.google.firebase:firebase-common:20.0.0] AndroidManifest.xml:35:13-43
76            android:exported="false" >
76-->[com.google.firebase:firebase-messaging:23.0.0] AndroidManifest.xml:51:13-37
77            <meta-data
77-->[:firebase_remote_config] AndroidManifest.xml:9:13-11:85
78                android:name="com.google.firebase.components:io.flutter.plugins.firebase.firebaseremoteconfig.FlutterFirebaseAppRegistrar"
78-->[:firebase_remote_config] AndroidManifest.xml:10:17-139
79                android:value="com.google.firebase.components.ComponentRegistrar" />
79-->[:firebase_remote_config] AndroidManifest.xml:11:17-82
80            <meta-data
80-->[:firebase_messaging] AndroidManifest.xml:34:13-36:85
81                android:name="com.google.firebase.components:io.flutter.plugins.firebase.messaging.FlutterFirebaseAppRegistrar"
81-->[:firebase_messaging] AndroidManifest.xml:35:17-128
82                android:value="com.google.firebase.components.ComponentRegistrar" />
82-->[:firebase_messaging] AndroidManifest.xml:36:17-82
83            <meta-data
83-->[:firebase_core] AndroidManifest.xml:9:13-11:85
84                android:name="com.google.firebase.components:io.flutter.plugins.firebase.core.FlutterFirebaseCoreRegistrar"
84-->[:firebase_core] AndroidManifest.xml:10:17-124
85                android:value="com.google.firebase.components.ComponentRegistrar" />
85-->[:firebase_core] AndroidManifest.xml:11:17-82
86            <meta-data
86-->[com.google.firebase:firebase-messaging:23.0.0] AndroidManifest.xml:52:13-54:85
87                android:name="com.google.firebase.components:com.google.firebase.messaging.FirebaseMessagingRegistrar"
87-->[com.google.firebase:firebase-messaging:23.0.0] AndroidManifest.xml:53:17-119
88                android:value="com.google.firebase.components.ComponentRegistrar" />
88-->[com.google.firebase:firebase-messaging:23.0.0] AndroidManifest.xml:54:17-82
89            <meta-data
89-->[com.google.firebase:firebase-datatransport:18.0.0] AndroidManifest.xml:28:13-30:85
90                android:name="com.google.firebase.components:com.google.firebase.datatransport.TransportRegistrar"
90-->[com.google.firebase:firebase-datatransport:18.0.0] AndroidManifest.xml:29:17-115
91                android:value="com.google.firebase.components.ComponentRegistrar" />
91-->[com.google.firebase:firebase-datatransport:18.0.0] AndroidManifest.xml:30:17-82
92            <meta-data
92-->[com.google.firebase:firebase-config:21.0.1] AndroidManifest.xml:32:13-34:85
93                android:name="com.google.firebase.components:com.google.firebase.remoteconfig.RemoteConfigRegistrar"
93-->[com.google.firebase:firebase-config:21.0.1] AndroidManifest.xml:33:17-117
94                android:value="com.google.firebase.components.ComponentRegistrar" />
94-->[com.google.firebase:firebase-config:21.0.1] AndroidManifest.xml:34:17-82
95            <meta-data
95-->[com.google.android.gms:play-services-measurement-api:20.0.0] AndroidManifest.xml:30:13-32:85
96                android:name="com.google.firebase.components:com.google.firebase.analytics.connector.internal.AnalyticsConnectorRegistrar"
96-->[com.google.android.gms:play-services-measurement-api:20.0.0] AndroidManifest.xml:31:17-139
97                android:value="com.google.firebase.components.ComponentRegistrar" />
97-->[com.google.android.gms:play-services-measurement-api:20.0.0] AndroidManifest.xml:32:17-82
98            <meta-data
98-->[com.google.firebase:firebase-abt:21.0.0] AndroidManifest.xml:13:13-15:85
99                android:name="com.google.firebase.components:com.google.firebase.abt.component.AbtRegistrar"
99-->[com.google.firebase:firebase-abt:21.0.0] AndroidManifest.xml:14:17-109
100                android:value="com.google.firebase.components.ComponentRegistrar" />
100-->[com.google.firebase:firebase-abt:21.0.0] AndroidManifest.xml:15:17-82
101            <meta-data
101-->[com.google.firebase:firebase-installations:17.0.0] AndroidManifest.xml:18:13-20:85
102                android:name="com.google.firebase.components:com.google.firebase.installations.FirebaseInstallationsRegistrar"
102-->[com.google.firebase:firebase-installations:17.0.0] AndroidManifest.xml:19:17-127
103                android:value="com.google.firebase.components.ComponentRegistrar" />
103-->[com.google.firebase:firebase-installations:17.0.0] AndroidManifest.xml:20:17-82
104        </service>
105        <service
105-->[:firebase_messaging] AndroidManifest.xml:12:9-15:72
106            android:name="io.flutter.plugins.firebase.messaging.FlutterFirebaseMessagingBackgroundService"
106-->[:firebase_messaging] AndroidManifest.xml:13:13-107
107            android:exported="false"
107-->[:firebase_messaging] AndroidManifest.xml:14:13-37
108            android:permission="android.permission.BIND_JOB_SERVICE" />
108-->[:firebase_messaging] AndroidManifest.xml:15:13-69
109        <service
109-->[:firebase_messaging] AndroidManifest.xml:16:9-22:19
110            android:name="io.flutter.plugins.firebase.messaging.FlutterFirebaseMessagingService"
110-->[:firebase_messaging] AndroidManifest.xml:17:13-97
111            android:exported="false" >
111-->[:firebase_messaging] AndroidManifest.xml:18:13-37
112            <intent-filter>
112-->[:firebase_messaging] AndroidManifest.xml:19:13-21:29
113                <action android:name="com.google.firebase.MESSAGING_EVENT" />
113-->[:firebase_messaging] AndroidManifest.xml:20:17-78
113-->[:firebase_messaging] AndroidManifest.xml:20:25-75
114            </intent-filter>
115        </service>
116
117        <receiver
117-->[:firebase_messaging] AndroidManifest.xml:24:9-31:20
118            android:name="io.flutter.plugins.firebase.messaging.FlutterFirebaseMessagingReceiver"
118-->[:firebase_messaging] AndroidManifest.xml:25:13-98
119            android:exported="true"
119-->[:firebase_messaging] AndroidManifest.xml:26:13-36
120            android:permission="com.google.android.c2dm.permission.SEND" >
120-->[:firebase_messaging] AndroidManifest.xml:27:13-73
121            <intent-filter>
121-->[:firebase_messaging] AndroidManifest.xml:28:13-30:29
122                <action android:name="com.google.android.c2dm.intent.RECEIVE" />
122-->[:firebase_messaging] AndroidManifest.xml:29:17-81
122-->[:firebase_messaging] AndroidManifest.xml:29:25-78
123            </intent-filter>
124        </receiver>
125
126        <provider
126-->[:firebase_messaging] AndroidManifest.xml:39:9-43:38
127            android:name="io.flutter.plugins.firebase.messaging.FlutterFirebaseMessagingInitProvider"
127-->[:firebase_messaging] AndroidManifest.xml:40:13-102
128            android:authorities="com.op.app.flutterfirebasemessaginginitprovider"
128-->[:firebase_messaging] AndroidManifest.xml:41:13-88
129            android:exported="false"
129-->[:firebase_messaging] AndroidManifest.xml:42:13-37
130            android:initOrder="99" />
130-->[:firebase_messaging] AndroidManifest.xml:43:13-35
131
132        <activity
132-->[:url_launcher_android] AndroidManifest.xml:8:9-11:74
133            android:name="io.flutter.plugins.urllauncher.WebViewActivity"
133-->[:url_launcher_android] AndroidManifest.xml:9:13-74
134            android:exported="false"
134-->[:url_launcher_android] AndroidManifest.xml:10:13-37
135            android:theme="@android:style/Theme.NoTitleBar.Fullscreen" />
135-->[:url_launcher_android] AndroidManifest.xml:11:13-71
136
137        <receiver
137-->[com.google.firebase:firebase-messaging:23.0.0] AndroidManifest.xml:28:9-35:20
138            android:name="com.google.firebase.iid.FirebaseInstanceIdReceiver"
138-->[com.google.firebase:firebase-messaging:23.0.0] AndroidManifest.xml:29:13-78
139            android:exported="true"
139-->[com.google.firebase:firebase-messaging:23.0.0] AndroidManifest.xml:30:13-36
140            android:permission="com.google.android.c2dm.permission.SEND" >
140-->[com.google.firebase:firebase-messaging:23.0.0] AndroidManifest.xml:31:13-73
141            <intent-filter>
141-->[:firebase_messaging] AndroidManifest.xml:28:13-30:29
142                <action android:name="com.google.android.c2dm.intent.RECEIVE" />
142-->[:firebase_messaging] AndroidManifest.xml:29:17-81
142-->[:firebase_messaging] AndroidManifest.xml:29:25-78
143            </intent-filter>
144        </receiver>
145        <!--
146             FirebaseMessagingService performs security checks at runtime,
147             but set to not exported to explicitly avoid allowing another app to call it.
148        -->
149        <service
149-->[com.google.firebase:firebase-messaging:23.0.0] AndroidManifest.xml:41:9-48:19
150            android:name="com.google.firebase.messaging.FirebaseMessagingService"
150-->[com.google.firebase:firebase-messaging:23.0.0] AndroidManifest.xml:42:13-82
151            android:directBootAware="true"
151-->[com.google.firebase:firebase-messaging:23.0.0] AndroidManifest.xml:43:13-43
152            android:exported="false" >
152-->[com.google.firebase:firebase-messaging:23.0.0] AndroidManifest.xml:44:13-37
153            <intent-filter android:priority="-500" >
153-->[:firebase_messaging] AndroidManifest.xml:19:13-21:29
154                <action android:name="com.google.firebase.MESSAGING_EVENT" />
154-->[:firebase_messaging] AndroidManifest.xml:20:17-78
154-->[:firebase_messaging] AndroidManifest.xml:20:25-75
155            </intent-filter>
156        </service>
157        <service
157-->[com.google.android.datatransport:transport-backend-cct:3.0.0] AndroidManifest.xml:29:9-35:19
158            android:name="com.google.android.datatransport.runtime.backends.TransportBackendDiscovery"
158-->[com.google.android.datatransport:transport-backend-cct:3.0.0] AndroidManifest.xml:30:13-103
159            android:exported="false" >
159-->[com.google.android.datatransport:transport-backend-cct:3.0.0] AndroidManifest.xml:31:13-37
160            <meta-data
160-->[com.google.android.datatransport:transport-backend-cct:3.0.0] AndroidManifest.xml:32:13-34:39
161                android:name="backend:com.google.android.datatransport.cct.CctBackendFactory"
161-->[com.google.android.datatransport:transport-backend-cct:3.0.0] AndroidManifest.xml:33:17-94
162                android:value="cct" />
162-->[com.google.android.datatransport:transport-backend-cct:3.0.0] AndroidManifest.xml:34:17-36
163        </service>
164
165        <provider
165-->[com.google.firebase:firebase-common:20.0.0] AndroidManifest.xml:26:9-31:39
166            android:name="com.google.firebase.provider.FirebaseInitProvider"
166-->[com.google.firebase:firebase-common:20.0.0] AndroidManifest.xml:27:13-77
167            android:authorities="com.op.app.firebaseinitprovider"
167-->[com.google.firebase:firebase-common:20.0.0] AndroidManifest.xml:28:13-72
168            android:directBootAware="true"
168-->[com.google.firebase:firebase-common:20.0.0] AndroidManifest.xml:29:13-43
169            android:exported="false"
169-->[com.google.firebase:firebase-common:20.0.0] AndroidManifest.xml:30:13-37
170            android:initOrder="100" />
170-->[com.google.firebase:firebase-common:20.0.0] AndroidManifest.xml:31:13-36
171
172        <receiver
172-->[com.google.android.gms:play-services-measurement:20.0.0] AndroidManifest.xml:29:9-33:20
173            android:name="com.google.android.gms.measurement.AppMeasurementReceiver"
173-->[com.google.android.gms:play-services-measurement:20.0.0] AndroidManifest.xml:30:13-85
174            android:enabled="true"
174-->[com.google.android.gms:play-services-measurement:20.0.0] AndroidManifest.xml:31:13-35
175            android:exported="false" >
175-->[com.google.android.gms:play-services-measurement:20.0.0] AndroidManifest.xml:32:13-37
176        </receiver>
177
178        <service
178-->[com.google.android.gms:play-services-measurement:20.0.0] AndroidManifest.xml:35:9-38:40
179            android:name="com.google.android.gms.measurement.AppMeasurementService"
179-->[com.google.android.gms:play-services-measurement:20.0.0] AndroidManifest.xml:36:13-84
180            android:enabled="true"
180-->[com.google.android.gms:play-services-measurement:20.0.0] AndroidManifest.xml:37:13-35
181            android:exported="false" />
181-->[com.google.android.gms:play-services-measurement:20.0.0] AndroidManifest.xml:38:13-37
182        <service
182-->[com.google.android.gms:play-services-measurement:20.0.0] AndroidManifest.xml:39:9-43:72
183            android:name="com.google.android.gms.measurement.AppMeasurementJobService"
183-->[com.google.android.gms:play-services-measurement:20.0.0] AndroidManifest.xml:40:13-87
184            android:enabled="true"
184-->[com.google.android.gms:play-services-measurement:20.0.0] AndroidManifest.xml:41:13-35
185            android:exported="false"
185-->[com.google.android.gms:play-services-measurement:20.0.0] AndroidManifest.xml:42:13-37
186            android:permission="android.permission.BIND_JOB_SERVICE" />
186-->[com.google.android.gms:play-services-measurement:20.0.0] AndroidManifest.xml:43:13-69
187
188        <meta-data
188-->[com.google.android.gms:play-services-basement:17.2.1] AndroidManifest.xml:23:9-25:69
189            android:name="com.google.android.gms.version"
189-->[com.google.android.gms:play-services-basement:17.2.1] AndroidManifest.xml:24:13-58
190            android:value="@integer/google_play_services_version" />
190-->[com.google.android.gms:play-services-basement:17.2.1] AndroidManifest.xml:25:13-66
191
192        <service
192-->[com.google.android.datatransport:transport-runtime:3.0.0] AndroidManifest.xml:26:9-30:19
193            android:name="com.google.android.datatransport.runtime.scheduling.jobscheduling.JobInfoSchedulerService"
193-->[com.google.android.datatransport:transport-runtime:3.0.0] AndroidManifest.xml:27:13-117
194            android:exported="false"
194-->[com.google.android.datatransport:transport-runtime:3.0.0] AndroidManifest.xml:28:13-37
195            android:permission="android.permission.BIND_JOB_SERVICE" >
195-->[com.google.android.datatransport:transport-runtime:3.0.0] AndroidManifest.xml:29:13-69
196        </service>
197
198        <receiver
198-->[com.google.android.datatransport:transport-runtime:3.0.0] AndroidManifest.xml:32:9-34:40
199            android:name="com.google.android.datatransport.runtime.scheduling.jobscheduling.AlarmManagerSchedulerBroadcastReceiver"
199-->[com.google.android.datatransport:transport-runtime:3.0.0] AndroidManifest.xml:33:13-132
200            android:exported="false" />
200-->[com.google.android.datatransport:transport-runtime:3.0.0] AndroidManifest.xml:34:13-37
201    </application>
202
203</manifest>